# JRE version: OpenJDK Runtime Environment (8.0_151-b12) (build 1.8.0_151-8u151-b12-0ubuntu0.16.04.2-b12)
# Java VM: OpenJDK 64-Bit Server VM (25.151-b12 mixed mode linux-amd64 compressed oops)
Heap:
 PSYoungGen      total 34816K, used 25737K [0x000000076d200000, 0x000000076f600000, 0x00000007c0000000)
  eden space 33280K, 76% used [0x000000076d200000,0x000000076eace548,0x000000076f280000)
  from space 1536K, 21% used [0x000000076f300000,0x000000076f354010,0x000000076f480000)
  to   space 1536K, 0% used [0x000000076f480000,0x000000076f480000,0x000000076f600000)
 ParOldGen       total 171008K, used 6553K [0x00000006c7600000, 0x00000006d1d00000, 0x000000076d200000)
  object space 171008K, 3% used [0x00000006c7600000,0x00000006c7c665f0,0x00000006d1d00000)
 Metaspace       used 15822K, capacity 16002K, committed 16256K, reserved 1064960K
  class space    used 1459K, capacity 1542K, committed 1664K, reserved 1048576K
GC Heap History (10 events):
Event: 493007.964 GC heap before
{Heap before GC invocations=43 (full 0):
 PSYoungGen      total 36352K, used 35968K [0x000000076d200000, 0x000000076f800000, 0x00000007c0000000)
  eden space 35840K, 100% used [0x000000076d200000,0x000000076f500000,0x000000076f500000)
  from space 512K, 25% used [0x000000076f780000,0x000000076f7a0000,0x000000076f800000)
  to   space 1536K, 0% used [0x000000076f500000,0x000000076f500000,0x000000076f680000)
 ParOldGen       total 171008K, used 6233K [0x00000006c7600000, 0x00000006d1d00000, 0x000000076d200000)
  object space 171008K, 3% used [0x00000006c7600000,0x00000006c7c165f0,0x00000006d1d00000)
 Metaspace       used 15740K, capacity 15906K, committed 16128K, reserved 1064960K
  class space    used 1457K, capacity 1510K, committed 1536K, reserved 1048576K
Event: 493007.966 GC heap after
Heap after GC invocations=43 (full 0):
 PSYoungGen      total 36864K, used 288K [0x000000076d200000, 0x000000076f800000, 0x00000007c0000000)
  eden space 35328K, 0% used [0x000000076d200000,0x000000076d200000,0x000000076f480000)
  from space 1536K, 18% used [0x000000076f500000,0x000000076f548020,0x000000076f680000)
  to   space 1536K, 0% used [0x000000076f680000,0x000000076f680000,0x000000076f800000)
 ParOldGen       total 171008K, used 6257K [0x00000006c7600000, 0x00000006d1d00000, 0x000000076d200000)
  object space 171008K, 3% used [0x00000006c7600000,0x00000006c7c1c5f0,0x00000006d1d00000)
 Metaspace       used 15740K, capacity 15906K, committed 16128K, reserved 1064960K
  class space    used 1457K, capacity 1510K, committed 1536K, reserved 1048576K
}
Event: 515652.478 GC heap before
{Heap before GC invocations=44 (full 0):
 PSYoungGen      total 36864K, used 35616K [0x000000076d200000, 0x000000076f800000, 0x00000007c0000000)
  eden space 35328K, 100% used [0x000000076d200000,0x000000076f480000,0x000000076f480000)
  from space 1536K, 18% used [0x000000076f500000,0x000000076f548020,0x000000076f680000)
  to   space 1536K, 0% used [0x000000076f680000,0x000000076f680000,0x000000076f800000)
 ParOldGen       total 171008K, used 6257K [0x00000006c7600000, 0x00000006d1d00000, 0x000000076d200000)
  object space 171008K, 3% used [0x00000006c7600000,0x00000006c7c1c5f0,0x00000006d1d00000)
 Metaspace       used 15769K, capacity 15906K, committed 16128K, reserved 1064960K
  class space    used 1457K, capacity 1510K, committed 1536K, reserved 1048576K
Event: 515652.482 GC heap after
Heap after GC invocations=44 (full 0):
 PSYoungGen      total 35328K, used 256K [0x000000076d200000, 0x000000076f700000, 0x00000007c0000000)
  eden space 34816K, 0% used [0x000000076d200000,0x000000076d200000,0x000000076f400000)
  from space 512K, 50% used [0x000000076f680000,0x000000076f6c0000,0x000000076f700000)
  to   space 1536K, 0% used [0x000000076f400000,0x000000076f400000,0x000000076f580000)
 ParOldGen       total 171008K, used 6329K [0x00000006c7600000, 0x00000006d1d00000, 0x000000076d200000)
  object space 171008K, 3% used [0x00000006c7600000,0x00000006c7c2e5f0,0x00000006d1d00000)
 Metaspace       used 15769K, capacity 15906K, committed 16128K, reserved 1064960K
  class space    used 1457K, capacity 1510K, committed 1536K, reserved 1048576K
}
Event: 557574.854 GC heap before
{Heap before GC invocations=45 (full 0):
 PSYoungGen      total 35328K, used 35072K [0x000000076d200000, 0x000000076f700000, 0x00000007c0000000)
  eden space 34816K, 100% used [0x000000076d200000,0x000000076f400000,0x000000076f400000)
  from space 512K, 50% used [0x000000076f680000,0x000000076f6c0000,0x000000076f700000)
  to   space 1536K, 0% used [0x000000076f400000,0x000000076f400000,0x000000076f580000)
 ParOldGen       total 171008K, used 6329K [0x00000006c7600000, 0x00000006d1d00000, 0x000000076d200000)
  object space 171008K, 3% used [0x00000006c7600000,0x00000006c7c2e5f0,0x00000006d1d00000)
 Metaspace       used 15772K, capacity 15906K, committed 16128K, reserved 1064960K
  class space    used 1457K, capacity 1510K, committed 1536K, reserved 1048576K
Event: 557574.861 GC heap after
Heap after GC invocations=45 (full 0):
 PSYoungGen      total 35840K, used 224K [0x000000076d200000, 0x000000076f700000, 0x00000007c0000000)
  eden space 34304K, 0% used [0x000000076d200000,0x000000076d200000,0x000000076f380000)
  from space 1536K, 14% used [0x000000076f400000,0x000000076f438000,0x000000076f580000)
  to   space 1536K, 0% used [0x000000076f580000,0x000000076f580000,0x000000076f700000)
 ParOldGen       total 171008K, used 6425K [0x00000006c7600000, 0x00000006d1d00000, 0x000000076d200000)
  object space 171008K, 3% used [0x00000006c7600000,0x00000006c7c465f0,0x00000006d1d00000)
 Metaspace       used 15772K, capacity 15906K, committed 16128K, reserved 1064960K
  class space    used 1457K, capacity 1510K, committed 1536K, reserved 1048576K
}
Event: 591731.902 GC heap before
{Heap before GC invocations=46 (full 0):
 PSYoungGen      total 35840K, used 34528K [0x000000076d200000, 0x000000076f700000, 0x00000007c0000000)
  eden space 34304K, 100% used [0x000000076d200000,0x000000076f380000,0x000000076f380000)
  from space 1536K, 14% used [0x000000076f400000,0x000000076f438000,0x000000076f580000)
  to   space 1536K, 0% used [0x000000076f580000,0x000000076f580000,0x000000076f700000)
 ParOldGen       total 171008K, used 6425K [0x00000006c7600000, 0x00000006d1d00000, 0x000000076d200000)
  object space 171008K, 3% used [0x00000006c7600000,0x00000006c7c465f0,0x00000006d1d00000)
 Metaspace       used 15780K, capacity 15906K, committed 16128K, reserved 1064960K
  class space    used 1457K, capacity 1510K, committed 1536K, reserved 1048576K
Event: 591731.904 GC heap after
Heap after GC invocations=46 (full 0):
 PSYoungGen      total 34304K, used 208K [0x000000076d200000, 0x000000076f600000, 0x00000007c0000000)
  eden space 33792K, 0% used [0x000000076d200000,0x000000076d200000,0x000000076f300000)
  from space 512K, 40% used [0x000000076f580000,0x000000076f5b4010,0x000000076f600000)
  to   space 1536K, 0% used [0x000000076f300000,0x000000076f300000,0x000000076f480000)
 ParOldGen       total 171008K, used 6537K [0x00000006c7600000, 0x00000006d1d00000, 0x000000076d200000)
  object space 171008K, 3% used [0x00000006c7600000,0x00000006c7c625f0,0x00000006d1d00000)
 Metaspace       used 15780K, capacity 15906K, committed 16128K, reserved 1064960K
  class space    used 1457K, capacity 1510K, committed 1536K, reserved 1048576K
}
Event: 634943.337 GC heap before
{Heap before GC invocations=47 (full 0):
 PSYoungGen      total 34304K, used 34000K [0x000000076d200000, 0x000000076f600000, 0x00000007c0000000)
  eden space 33792K, 100% used [0x000000076d200000,0x000000076f300000,0x000000076f300000)
  from space 512K, 40% used [0x000000076f580000,0x000000076f5b4010,0x000000076f600000)
  to   space 1536K, 0% used [0x000000076f300000,0x000000076f300000,0x000000076f480000)
 ParOldGen       total 171008K, used 6537K [0x00000006c7600000, 0x00000006d1d00000, 0x000000076d200000)
  object space 171008K, 3% used [0x00000006c7600000,0x00000006c7c625f0,0x00000006d1d00000)
 Metaspace       used 15810K, capacity 15970K, committed 16128K, reserved 1064960K
  class space    used 1457K, capacity 1510K, committed 1536K, reserved 1048576K
Event: 634943.339 GC heap after
Heap after GC invocations=47 (full 0):
 PSYoungGen      total 34816K, used 336K [0x000000076d200000, 0x000000076f600000, 0x00000007c0000000)
  eden space 33280K, 0% used [0x000000076d200000,0x000000076d200000,0x000000076f280000)
  from space 1536K, 21% used [0x000000076f300000,0x000000076f354010,0x000000076f480000)
  to   space 1536K, 0% used [0x000000076f480000,0x000000076f480000,0x000000076f600000)
 ParOldGen       total 171008K, used 6553K [0x00000006c7600000, 0x00000006d1d00000, 0x000000076d200000)
  object space 171008K, 3% used [0x00000006c7600000,0x00000006c7c665f0,0x00000006d1d00000)
 Metaspace       used 15810K, capacity 15970K, committed 16128K, reserved 1064960K
  class space    used 1457K, capacity 1510K, committed 1536K, reserved 1048576K
}

